# JRE version: OpenJDK Runtime Environment (Zulu 8.52.0.23-CA-win64) (8.0_282-b08) (build 1.8.0_282-b08)
# Java VM: OpenJDK 64-Bit Server VM (25.282-b08 mixed mode windows-amd64 compressed oops)
Heap:
 PSYoungGen      total 203264K, used 176068K [0x00000000d5580000, 0x00000000e8e80000, 0x0000000100000000)
  eden space 193536K, 87% used [0x00000000d5580000,0x00000000dfa1e9a8,0x00000000e1280000)
  from space 9728K, 77% used [0x00000000e1280000,0x00000000e19d2760,0x00000000e1c00000)
  to   space 10240K, 0% used [0x00000000e8480000,0x00000000e8480000,0x00000000e8e80000)
 ParOldGen       total 37888K, used 8294K [0x0000000080000000, 0x0000000082500000, 0x00000000d5580000)
  object space 37888K, 21% used [0x0000000080000000,0x00000000808198c8,0x0000000082500000)
 Metaspace       used 27004K, capacity 27512K, committed 27648K, reserved 1073152K
  class space    used 3102K, capacity 3271K, committed 3328K, reserved 1048576K
GC Heap History (10 events):
Event: 33.026 GC heap before
{Heap before GC invocations=6 (full 0):
 PSYoungGen      total 53248K, used 53233K [0x00000000d5580000, 0x00000000dc080000, 0x0000000100000000)
  eden space 49152K, 100% used [0x00000000d5580000,0x00000000d8580000,0x00000000d8580000)
  from space 4096K, 99% used [0x00000000d8580000,0x00000000d897c7b0,0x00000000d8980000)
  to   space 5632K, 0% used [0x00000000dbb00000,0x00000000dbb00000,0x00000000dc080000)
 ParOldGen       total 65536K, used 1481K [0x0000000080000000, 0x0000000084000000, 0x00000000d5580000)
  object space 65536K, 2% used [0x0000000080000000,0x0000000080172560,0x0000000084000000)
 Metaspace       used 15212K, capacity 15404K, committed 15488K, reserved 1062912K
  class space    used 1561K, capacity 1641K, committed 1664K, reserved 1048576K
Event: 33.180 GC heap after
Heap after GC invocations=6 (full 0):
 PSYoungGen      total 102400K, used 5601K [0x00000000d5580000, 0x00000000dc380000, 0x0000000100000000)
  eden space 96768K, 0% used [0x00000000d5580000,0x00000000d5580000,0x00000000db400000)
  from space 5632K, 99% used [0x00000000dbb00000,0x00000000dc0786e0,0x00000000dc080000)
  to   space 7168K, 0% used [0x00000000db400000,0x00000000db400000,0x00000000dbb00000)
 ParOldGen       total 65536K, used 3510K [0x0000000080000000, 0x0000000084000000, 0x00000000d5580000)
  object space 65536K, 5% used [0x0000000080000000,0x000000008036d870,0x0000000084000000)
 Metaspace       used 15212K, capacity 15404K, committed 15488K, reserved 1062912K
  class space    used 1561K, capacity 1641K, committed 1664K, reserved 1048576K
}
Event: 48.233 GC heap before
{Heap before GC invocations=7 (full 0):
 PSYoungGen      total 102400K, used 102369K [0x00000000d5580000, 0x00000000dc380000, 0x0000000100000000)
  eden space 96768K, 100% used [0x00000000d5580000,0x00000000db400000,0x00000000db400000)
  from space 5632K, 99% used [0x00000000dbb00000,0x00000000dc0786e0,0x00000000dc080000)
  to   space 7168K, 0% used [0x00000000db400000,0x00000000db400000,0x00000000dbb00000)
 ParOldGen       total 65536K, used 3510K [0x0000000080000000, 0x0000000084000000, 0x00000000d5580000)
  object space 65536K, 5% used [0x0000000080000000,0x000000008036d870,0x0000000084000000)
 Metaspace       used 20885K, capacity 21146K, committed 21296K, reserved 1069056K
  class space    used 2307K, capacity 2427K, committed 2432K, reserved 1048576K
Event: 48.326 GC heap after
Heap after GC invocations=7 (full 0):
 PSYoungGen      total 103936K, used 7154K [0x00000000d5580000, 0x00000000e2580000, 0x0000000100000000)
  eden space 96768K, 0% used [0x00000000d5580000,0x00000000d5580000,0x00000000db400000)
  from space 7168K, 99% used [0x00000000db400000,0x00000000dbafcb58,0x00000000dbb00000)
  to   space 9728K, 0% used [0x00000000e1c00000,0x00000000e1c00000,0x00000000e2580000)
 ParOldGen       total 65536K, used 6796K [0x0000000080000000, 0x0000000084000000, 0x00000000d5580000)
  object space 65536K, 10% used [0x0000000080000000,0x00000000806a3350,0x0000000084000000)
 Metaspace       used 20885K, capacity 21146K, committed 21296K, reserved 1069056K
  class space    used 2307K, capacity 2427K, committed 2432K, reserved 1048576K
}
Event: 48.392 GC heap before
{Heap before GC invocations=8 (full 0):
 PSYoungGen      total 103936K, used 9079K [0x00000000d5580000, 0x00000000e2580000, 0x0000000100000000)
  eden space 96768K, 1% used [0x00000000d5580000,0x00000000d57611f0,0x00000000db400000)
  from space 7168K, 99% used [0x00000000db400000,0x00000000dbafcb58,0x00000000dbb00000)
  to   space 9728K, 0% used [0x00000000e1c00000,0x00000000e1c00000,0x00000000e2580000)
 ParOldGen       total 65536K, used 6796K [0x0000000080000000, 0x0000000084000000, 0x00000000d5580000)
  object space 65536K, 10% used [0x0000000080000000,0x00000000806a3350,0x0000000084000000)
 Metaspace       used 20897K, capacity 21146K, committed 21296K, reserved 1069056K
  class space    used 2308K, capacity 2427K, committed 2432K, reserved 1048576K
Event: 48.486 GC heap after
Heap after GC invocations=8 (full 0):
 PSYoungGen      total 203264K, used 4160K [0x00000000d5580000, 0x00000000e2580000, 0x0000000100000000)
  eden space 193536K, 0% used [0x00000000d5580000,0x00000000d5580000,0x00000000e1280000)
  from space 9728K, 42% used [0x00000000e1c00000,0x00000000e2010000,0x00000000e2580000)
  to   space 9728K, 0% used [0x00000000e1280000,0x00000000e1280000,0x00000000e1c00000)
 ParOldGen       total 65536K, used 7944K [0x0000000080000000, 0x0000000084000000, 0x00000000d5580000)
  object space 65536K, 12% used [0x0000000080000000,0x00000000807c2370,0x0000000084000000)
 Metaspace       used 20897K, capacity 21146K, committed 21296K, reserved 1069056K
  class space    used 2308K, capacity 2427K, committed 2432K, reserved 1048576K
}
Event: 48.507 GC heap before
{Heap before GC invocations=9 (full 1):
 PSYoungGen      total 203264K, used 4160K [0x00000000d5580000, 0x00000000e2580000, 0x0000000100000000)
  eden space 193536K, 0% used [0x00000000d5580000,0x00000000d5580000,0x00000000e1280000)
  from space 9728K, 42% used [0x00000000e1c00000,0x00000000e2010000,0x00000000e2580000)
  to   space 9728K, 0% used [0x00000000e1280000,0x00000000e1280000,0x00000000e1c00000)
 ParOldGen       total 65536K, used 7944K [0x0000000080000000, 0x0000000084000000, 0x00000000d5580000)
  object space 65536K, 12% used [0x0000000080000000,0x00000000807c2370,0x0000000084000000)
 Metaspace       used 20897K, capacity 21146K, committed 21296K, reserved 1069056K
  class space    used 2308K, capacity 2427K, committed 2432K, reserved 1048576K
Event: 49.082 GC heap after
Heap after GC invocations=9 (full 1):
 PSYoungGen      total 203264K, used 0K [0x00000000d5580000, 0x00000000e2580000, 0x0000000100000000)
  eden space 193536K, 0% used [0x00000000d5580000,0x00000000d5580000,0x00000000e1280000)
  from space 9728K, 0% used [0x00000000e1c00000,0x00000000e1c00000,0x00000000e2580000)
  to   space 9728K, 0% used [0x00000000e1280000,0x00000000e1280000,0x00000000e1c00000)
 ParOldGen       total 37888K, used 8286K [0x0000000080000000, 0x0000000082500000, 0x00000000d5580000)
  object space 37888K, 21% used [0x0000000080000000,0x00000000808178c8,0x0000000082500000)
 Metaspace       used 20897K, capacity 21146K, committed 21296K, reserved 1069056K
  class space    used 2308K, capacity 2427K, committed 2432K, reserved 1048576K
}
Event: 63.344 GC heap before
{Heap before GC invocations=10 (full 1):
 PSYoungGen      total 203264K, used 193536K [0x00000000d5580000, 0x00000000e2580000, 0x0000000100000000)
  eden space 193536K, 100% used [0x00000000d5580000,0x00000000e1280000,0x00000000e1280000)
  from space 9728K, 0% used [0x00000000e1c00000,0x00000000e1c00000,0x00000000e2580000)
  to   space 9728K, 0% used [0x00000000e1280000,0x00000000e1280000,0x00000000e1c00000)
 ParOldGen       total 37888K, used 8286K [0x0000000080000000, 0x0000000082500000, 0x00000000d5580000)
  object space 37888K, 21% used [0x0000000080000000,0x00000000808178c8,0x0000000082500000)
 Metaspace       used 23037K, capacity 23442K, committed 23680K, reserved 1071104K
  class space    used 2536K, capacity 2671K, committed 2688K, reserved 1048576K
Event: 63.414 GC heap after
Heap after GC invocations=10 (full 1):
 PSYoungGen      total 203264K, used 7497K [0x00000000d5580000, 0x00000000e8e80000, 0x0000000100000000)
  eden space 193536K, 0% used [0x00000000d5580000,0x00000000d5580000,0x00000000e1280000)
  from space 9728K, 77% used [0x00000000e1280000,0x00000000e19d2760,0x00000000e1c00000)
  to   space 10240K, 0% used [0x00000000e8480000,0x00000000e8480000,0x00000000e8e80000)
 ParOldGen       total 37888K, used 8294K [0x0000000080000000, 0x0000000082500000, 0x00000000d5580000)
  object space 37888K, 21% used [0x0000000080000000,0x00000000808198c8,0x0000000082500000)
 Metaspace       used 23037K, capacity 23442K, committed 23680K, reserved 1071104K
  class space    used 2536K, capacity 2671K, committed 2688K, reserved 1048576K
}

